<rpc-reply
    xmlns="urn:ietf:params:xml:ns:netconf:base:1.0"
    message-id="101">
  <data>
    <system xmlns="urn:ietf:params:xml:ns:yang:ietf-system">
      <hostname>my-router.example.org</hostname>
      <location>bicycle shed</location>
      <contact>Otto Katz &lt;katz@vatican.va&gt;</contact>
      <clock>
	<timezone-location>Europe/Prague</timezone-location>
      </clock>
      <dns-resolver>
	<server>
	  <name>prim</name>
	  <udp-and-tcp>
	    <address>192.0.2.254</address>
	  </udp-and-tcp>
	</server>
	<server>
	  <name>sec</name>
	  <udp-and-tcp>
	    <address>2001:db8:0:2:cafe::fe</address>
	  </udp-and-tcp>
	</server>
	<search>ietf.org</search>
	<search>example.org</search>
	<options>
	  <attempts>1</attempts>
	</options>
      </dns-resolver>
      <ntp>
	<server>
	  <name>tik</name>
	  <udp>
	    <address>tik.cesnet.cz</address>
	  </udp>
	</server>
	<server>
	  <name>tik</name>
	  <udp>
	    <address>tik.cesnet.cz</address>
	  </udp>
	</server>
      </ntp>
      <radius>
	<server>
	  <name>radius-server</name>
	  <udp>
	    <address>198.51.100.173</address>
	    <shared-secret>Very$ecret</shared-secret>
	  </udp>
	</server>
      </radius>
      <authentication>
	<user-authentication-order>radius</user-authentication-order>
	<user-authentication-order>local-users</user-authentication-order>
	<user>
	  <name>katz</name>
	  <password>$0$D0minusV0biscum</password>
	</user>
	<user>
	  <name>biegler</name>
	  <password>$0$Gangh0fer</password>
	</user>
      </authentication>
    </system>
    <interfaces
	xmlns="urn:ietf:params:xml:ns:yang:ietf-interfaces">
      <interface>
	<name>Null0</name>
	<description>
	  Blackhole pseudo-interface.
	</description>
	<type>softwareLoopback</type>
      </interface>
      <interface>
	<name>GigabitEthernet1/1</name>
	<description>
	  External interface.
	</description>
	<type>ethernetCsmacd</type>
	<location>1/1</location>
	<ipv4 xmlns="urn:ietf:params:xml:ns:yang:ietf-ip">
	  <address>
	    <ip>192.0.2.1</ip>
	    <prefix-length>24</prefix-length>
	  </address>
	</ipv4>
	<ipv6 xmlns="urn:ietf:params:xml:ns:yang:ietf-ip">
	  <address>
	    <ip>2001:db8:0:1::1</ip>
	    <prefix-length>64</prefix-length>
	  </address>
	  <autoconf>
	    <create-global-addresses>false</create-global-addresses>
	    <dup-addr-detect-transmits>3</dup-addr-detect-transmits>
	  </autoconf>
	</ipv6>
      </interface>
      <interface>
	<name>GigabitEthernet1/2</name>
	<description>
	  Internal interface.
	</description>
	<type>ethernetCsmacd</type>
	<location>1/2</location>
	<mtu>8192</mtu>
	<ipv4 xmlns="urn:ietf:params:xml:ns:yang:ietf-ip">
	  <address>
	    <ip>198.51.100.1</ip>
	    <prefix-length>25</prefix-length>
	  </address>
	</ipv4>
	<ipv6 xmlns="urn:ietf:params:xml:ns:yang:ietf-ip">
	  <address>
	    <ip>2001:db8:0:2::1</ip>
	    <prefix-length>64</prefix-length>
	  </address>
	  <address>
	    <ip>2001:db8:0:3::f00</ip>
	    <prefix-length>64</prefix-length>
	  </address>
	  <autoconf>
	    <create-global-addresses>false</create-global-addresses>
	  </autoconf>
	</ipv6>
      </interface>
    </interfaces>
    <routing
	xmlns="urn:ietf:params:xml:ns:yang:ietf-routing"
	xmlns:rt="urn:ietf:params:xml:ns:yang:ietf-routing"
	xmlns:v4ur="urn:ietf:params:xml:ns:yang:ietf-ipv4-unicast-routing"
	xmlns:v6ur="urn:ietf:params:xml:ns:yang:ietf-ipv6-unicast-routing">
      <router>
	<name>rtr0</name>
	<interfaces>
	  <interface>
	    <name>GigabitEthernet1/1</name>
	  </interface>
	  <interface>
	    <name>GigabitEthernet1/2</name>
	    <v6ur:ipv6-router-advertisements>
	      <v6ur:send-advertisements>true</v6ur:send-advertisements>
	      <v6ur:max-rtr-adv-interval>300</v6ur:max-rtr-adv-interval>
	      <v6ur:min-rtr-adv-interval>100</v6ur:min-rtr-adv-interval>
	      <v6ur:link-mtu>8192</v6ur:link-mtu>
	      <v6ur:prefix-list>
		<v6ur:prefix>
		  <v6ur:seqno>1</v6ur:seqno>
		  <v6ur:prefix-spec>2001:db8:0:3::/64</v6ur:prefix-spec>
		  <v6ur:autonomous-flag>false</v6ur:autonomous-flag>
		</v6ur:prefix>
	      </v6ur:prefix-list>
	    </v6ur:ipv6-router-advertisements>
	  </interface>
	</interfaces>
	<routing-protocols>
	  <routing-protocol>
	    <name>direct</name>
	    <type>rt:direct</type>
	  </routing-protocol>
	  <routing-protocol>
	    <name>st0</name>
	    <description>
	      Static routing is used for the internal network.
	    </description>
	    <type>rt:static</type>
	    <static-routes>
	      <v4ur:ipv4>
		<v4ur:route>
		  <v4ur:seqno>1</v4ur:seqno>
		  <v4ur:dest-prefix>0.0.0.0/0</v4ur:dest-prefix>
		  <v4ur:next-hop>192.0.2.2</v4ur:next-hop>
		</v4ur:route>
		<v4ur:route>
		  <v4ur:seqno>2</v4ur:seqno>
		  <v4ur:dest-prefix>203.0.113.0/25</v4ur:dest-prefix>
		  <v4ur:outgoing-interface>Null0</v4ur:outgoing-interface>
		</v4ur:route>
	      </v4ur:ipv4>
	      <v6ur:ipv6>
		<v6ur:route>
		  <v6ur:seqno>1</v6ur:seqno>
		  <v6ur:dest-prefix>::/0</v6ur:dest-prefix>
		  <v6ur:next-hop>2001:db8:0:1::2</v6ur:next-hop>
		</v6ur:route>
	      </v6ur:ipv6>
	    </static-routes>
	    <connected-routing-tables>
	      <routing-table>
		<name>ipv4-unicast-main</name>
	      </routing-table>
	      <routing-table>
		<name>ipv6-unicast-main</name>
	      </routing-table>
	    </connected-routing-tables>
	  </routing-protocol>
	</routing-protocols>
	<routing-tables>
	  <routing-table>
	    <name>ipv4-unicast-main</name>
	  </routing-table>
	  <routing-table>
	    <name>ipv6-unicast-main</name>
	    <address-family>ipV6</address-family>
	  </routing-table>
	</routing-tables>
      </router>
    </routing>
  </data>
</rpc-reply>
